<?xml version="1.0" encoding="UTF-8"?>
<testsuite name="SalesTaxCalculatorTest" tests="3" skipped="0" failures="0" errors="0" timestamp="2016-09-01T19:57:26" hostname="Ashwins-MBP-2" time="0.009">
  <properties/>
  <testcase name="canSplitString" classname="SalesTaxCalculatorTest" time="0.004"/>
  <testcase name="canCalculateTax" classname="SalesTaxCalculatorTest" time="0.002"/>
  <testcase name="testThreeDomesticCart" classname="SalesTaxCalculatorTest" time="0.003"/>
  <system-out><![CDATA[]]></system-out>
  <system-err><![CDATA[]]></system-err>
</testsuite>
