<?xml version="1.0" encoding="UTF-8"?>
<testsuite name="ItemIndexTest" tests="2" skipped="0" failures="0" errors="0" timestamp="2016-09-01T14:14:05" hostname="Ashwins-MacBook-Pro-2.local" time="0.003">
  <properties/>
  <testcase name="testCanIdBooks" classname="ItemIndexTest" time="0.002"/>
  <testcase name="testCanIdFood" classname="ItemIndexTest" time="0.001"/>
  <system-out><![CDATA[]]></system-out>
  <system-err><![CDATA[]]></system-err>
</testsuite>
