<?xml version="1.0" encoding="UTF-8"?>
<testsuite name="SalesTaxCalculatorTest" tests="2" skipped="0" failures="0" errors="0" timestamp="2016-09-01T02:38:57" hostname="Ashwins-MacBook-Pro-2.local" time="0.009">
  <properties/>
  <testcase name="canSplitString" classname="SalesTaxCalculatorTest" time="0.003"/>
  <testcase name="testThreeDomesticCart" classname="SalesTaxCalculatorTest" time="0.005"/>
  <system-out><![CDATA[]]></system-out>
  <system-err><![CDATA[]]></system-err>
</testsuite>
