<?xml version="1.0" encoding="UTF-8"?>
<testsuite name="ItemIndexTest" tests="2" skipped="0" failures="0" errors="0" timestamp="2016-09-01T20:18:55" hostname="Ashwins-MBP-2" time="0.002">
  <properties/>
  <testcase name="testCanIdBooks" classname="ItemIndexTest" time="0.001"/>
  <testcase name="testCanIdFood" classname="ItemIndexTest" time="0.0"/>
  <system-out><![CDATA[]]></system-out>
  <system-err><![CDATA[]]></system-err>
</testsuite>
